<?xml version="1.0" encoding="UTF-8"?>
<!-- Generated by org.testng.reporters.JUnitReportReporter -->
<testsuite skipped="0" hostname="IN-UddinMir-1" name="fnr.LMS_53311_FNR_RJ" tests="1" failures="0" timestamp="05 Feb 2020 18:15:23 GMT" time="2.674" errors="0">
  <testcase name="scenario1" time="2.674" classname="fnr.LMS_53311_FNR_RJ"/>
</testsuite> <!-- fnr.LMS_53311_FNR_RJ -->
